<?xml version="1.0" encoding="UTF-8"?>
<!-- Generated by org.testng.reporters.JUnitReportReporter -->
<testsuite hostname="LAPTOP-64P9DEGN" failures="0" tests="3" name="com.Simplilearn.AppiumDemo.Calculator" time="7.807" errors="0" timestamp="2023-01-22T11:42:53 IST" skipped="0">
  <testcase classname="com.Simplilearn.AppiumDemo.Calculator" name="verifyDeleteBtnIsPresent" time="0.244"/>
  <system-out/>
  <testcase classname="com.Simplilearn.AppiumDemo.Calculator" name="verifyMultiplicationProcess" time="3.782"/>
  <system-out/>
  <testcase classname="com.Simplilearn.AppiumDemo.Calculator" name="verifyAdditionProcess" time="3.781"/>
  <system-out/>
</testsuite> <!-- com.Simplilearn.AppiumDemo.Calculator -->
